[D 191008 12:26:50 ddh_app:75] SYS: recall 'remove_previous' at download.
[D 191008 12:26:50 ddh_app:76] SYS: recall restart or not.
[D 191008 12:26:50 ddh_app:158] SYS: no raspberry detected.
[I 191008 12:26:50 ddh_app:276] BLE: detecting loggers...
[D 191008 12:26:52 ddh_app:161] SYS: closing GUI APP...
[D 191008 13:12:01 ddh_app:75] SYS: recall 'remove_previous' at download, search '***'
[D 191008 13:12:01 ddh_app:76] SYS: recall re-RUN after download or not, search '###'
[D 191008 13:12:01 ddh_app:159] SYS: this is NOT a raspberry system
[I 191008 13:12:01 ddh_app:276] BLE: detecting loggers...
[I 191008 13:12:06 ddh_app:276] BLE: 0 loggers to query.
[I 191008 13:12:08 ddh_app:276] BLE: detecting loggers...
[I 191008 13:12:13 ddh_app:276] BLE: 0 loggers to query.
[I 191008 13:12:15 ddh_app:276] BLE: detecting loggers...
[I 191008 13:12:20 ddh_app:276] BLE: 0 loggers to query.
[I 191008 13:12:22 ddh_app:276] BLE: detecting loggers...
[I 191008 13:12:27 ddh_app:276] BLE: 0 loggers to query.
[I 191008 13:12:29 ddh_app:276] BLE: detecting loggers...
[I 191008 13:12:30 ddh_app:276] SYS: internet, using NTP.
[I 191008 13:12:34 ddh_app:276] BLE: 0 loggers to query.
[I 191008 13:12:36 ddh_app:276] BLE: detecting loggers...
[I 191008 13:12:41 ddh_app:276] BLE: 0 loggers to query.
[I 191008 13:12:43 ddh_app:276] BLE: detecting loggers...
[I 191008 13:12:48 ddh_app:276] BLE: 0 loggers to query.
[I 191008 13:12:50 ddh_app:276] BLE: detecting loggers...
[I 191008 13:12:55 ddh_app:276] BLE: 0 loggers to query.
[I 191008 13:12:57 ddh_app:276] BLE: detecting loggers...
[I 191008 13:13:02 ddh_app:276] SYS: internet, using NTP.
[I 191008 13:13:02 ddh_app:276] BLE: 0 loggers to query.
[I 191008 13:13:04 ddh_app:276] BLE: detecting loggers...
[I 191008 13:13:09 ddh_app:276] BLE: 0 loggers to query.
[I 191008 13:13:11 ddh_app:276] BLE: detecting loggers...
[I 191008 13:13:16 ddh_app:276] BLE: 0 loggers to query.
[I 191008 13:13:18 ddh_app:276] BLE: detecting loggers...
[I 191008 13:13:23 ddh_app:276] BLE: 0 loggers to query.
[I 191008 13:13:25 ddh_app:276] BLE: detecting loggers...
[I 191008 13:13:30 ddh_app:276] BLE: 0 loggers to query.
[I 191008 13:13:32 ddh_app:276] BLE: detecting loggers...
[I 191008 13:13:33 ddh_app:276] SYS: internet, using NTP.
[D 191008 13:13:36 ddh_app:162] SYS: closing GUI APP...
[D 191008 13:13:39 ddh_app:76] SYS: recall 'remove_previous' at download, search '***'
[D 191008 13:13:39 ddh_app:77] SYS: recall re-RUN after download or not, search '###'
[D 191008 13:13:39 ddh_app:160] SYS: this is NOT a raspberry system
[I 191008 13:13:39 ddh_app:277] BLE: detecting loggers...
[I 191008 13:13:44 ddh_app:277] BLE: 0 loggers to query.
[I 191008 13:13:46 ddh_app:277] BLE: detecting loggers...
[I 191008 13:13:51 ddh_app:277] BLE: 0 loggers to query.
[I 191008 13:13:53 ddh_app:277] BLE: detecting loggers...
[I 191008 13:13:59 ddh_app:277] BLE: 0 loggers to query.
[I 191008 13:14:01 ddh_app:277] BLE: detecting loggers...
[I 191008 13:14:06 ddh_app:277] BLE: 0 loggers to query.
[I 191008 13:14:08 ddh_app:277] BLE: detecting loggers...
[I 191008 13:14:09 ddh_app:277] SYS: internet, using NTP.
[D 191008 13:14:09 ddh_app:163] SYS: closing GUI APP...
[D 191008 13:14:13 ddh_app:77] SYS: recall 'remove_previous' at download, search '***'
[D 191008 13:14:13 ddh_app:78] SYS: recall re-RUN after download or not, search '###'
[D 191008 13:14:13 ddh_app:161] SYS: this is NOT a raspberry system
[I 191008 13:14:13 ddh_app:278] BLE: detecting loggers...
[I 191008 13:14:18 ddh_app:278] BLE: 1 loggers to query.
[I 191008 13:14:18 ddh_app:278] BLE: connecting 04:ee:03:6c:ef:49.
[E 191008 13:14:22 ddh_app:298] BLE: exception Service 00035b03-58e6-07dd-021a-08123a000300 not found.
[I 191008 13:14:22 ddh_app:278] BLE: disconnecting 04:ee:03:6c:ef:49.
[I 191008 13:14:22 ddh_app:370] BLE: all loggers done.
[I 191008 13:14:24 ddh_app:278] BLE: detecting loggers...
[I 191008 13:14:29 ddh_app:278] BLE: 04:ee:03:6c:ef:49 already queried, delay 22.95 s.
[I 191008 13:14:29 ddh_app:278] BLE: 0 loggers to query.
[I 191008 13:14:31 ddh_app:278] BLE: detecting loggers...
[I 191008 13:14:36 ddh_app:278] BLE: 04:ee:03:6c:ef:49 already queried, delay 15.91 s.
[I 191008 13:14:36 ddh_app:278] BLE: 0 loggers to query.
[I 191008 13:14:38 ddh_app:278] BLE: detecting loggers...
[D 191008 13:14:39 ddh_app:164] SYS: closing GUI APP...
[D 191011 11:04:04 ddh_app:77] SYS: recall 'remove_previous' at download, search '***'
[D 191011 11:04:04 ddh_app:78] SYS: recall re-RUN after download or not, search '###'
[D 191011 11:04:04 ddh_app:161] SYS: this is NOT a raspberry system
[I 191011 11:04:04 ddh_app:278] BLE: detecting loggers...
[I 191011 11:04:09 ddh_app:278] BLE: 1 loggers to query.
[I 191011 11:04:09 ddh_app:278] BLE: connecting 04:ee:03:6c:ef:49.
[I 191011 11:04:09 ddh_app:278] BLE: disconnecting 04:ee:03:6c:ef:49.
[D 191011 11:05:01 ddh_app:77] SYS: recall 'remove_previous' at download, search '***'
[D 191011 11:05:01 ddh_app:78] SYS: recall re-RUN after download or not, search '###'
[D 191011 11:05:01 ddh_app:161] SYS: this is NOT a raspberry system
[I 191011 11:05:01 ddh_app:278] BLE: detecting loggers...
[I 191011 11:05:06 ddh_app:278] BLE: 1 loggers to query.
[I 191011 11:05:06 ddh_app:278] BLE: connecting 04:ee:03:6c:ef:49.
[I 191011 11:05:06 ddh_app:278] BLE: disconnecting 04:ee:03:6c:ef:49.
[D 191011 11:09:04 ddh_app:77] SYS: recall 'remove_previous' at download, search '***'
[D 191011 11:09:04 ddh_app:78] SYS: recall re-RUN after download or not, search '###'
[D 191011 11:09:04 ddh_app:161] SYS: this is NOT a raspberry system
[I 191011 11:09:04 ddh_app:278] BLE: detecting loggers...
[I 191011 11:09:09 ddh_app:278] BLE: 1 loggers to query.
[I 191011 11:09:09 ddh_app:278] BLE: connecting 04:ee:03:6c:ef:49.
[E 191011 11:09:15 ddh_app:298] BLE: exception Service 0000 not found.
[I 191011 11:09:15 ddh_app:278] BLE: disconnecting 04:ee:03:6c:ef:49.
[I 191011 11:09:15 ddh_app:370] BLE: all loggers done.
[I 191011 11:09:17 ddh_app:278] BLE: detecting loggers...
[I 191011 11:09:22 ddh_app:278] BLE: 04:ee:03:6c:ef:49 already queried, delay 22.97 s.
[I 191011 11:09:22 ddh_app:278] BLE: 0 loggers to query.
[D 191011 11:09:23 ddh_app:164] SYS: closing GUI APP...
[D 191011 11:11:28 ddh_app:77] SYS: recall 'remove_previous' at download, search '***'
[D 191011 11:11:28 ddh_app:78] SYS: recall re-RUN after download or not, search '###'
[D 191011 11:11:28 ddh_app:161] SYS: this is NOT a raspberry system
[I 191011 11:11:28 ddh_app:278] BLE: detecting loggers...
[I 191011 11:11:34 ddh_app:278] BLE: 1 loggers to query.
[I 191011 11:11:34 ddh_app:278] BLE: connecting 04:ee:03:6c:ef:49.
[E 191011 11:11:39 ddh_app:298] BLE: exception Service 0000 not found.
[I 191011 11:11:39 ddh_app:278] BLE: disconnecting 04:ee:03:6c:ef:49.
[I 191011 11:11:39 ddh_app:370] BLE: all loggers done.
[I 191011 11:11:41 ddh_app:278] BLE: detecting loggers...
[D 191011 11:11:44 ddh_app:164] SYS: closing GUI APP...
[D 191011 11:14:53 ddh_app:77] SYS: recall 'remove_previous' at download, search '***'
[D 191011 11:14:53 ddh_app:78] SYS: recall re-RUN after download or not, search '###'
[D 191011 11:14:53 ddh_app:161] SYS: this is NOT a raspberry system
[I 191011 11:14:53 ddh_app:278] BLE: detecting loggers...
[I 191011 11:14:58 ddh_app:278] BLE: 0 loggers to query.
[I 191011 11:15:00 ddh_app:278] BLE: detecting loggers...
[I 191011 11:15:05 ddh_app:278] BLE: 0 loggers to query.
[I 191011 11:15:07 ddh_app:278] BLE: detecting loggers...
[I 191011 11:15:12 ddh_app:278] BLE: 0 loggers to query.
[I 191011 11:15:14 ddh_app:278] BLE: detecting loggers...
[I 191011 11:15:19 ddh_app:278] BLE: 1 loggers to query.
[I 191011 11:15:19 ddh_app:278] BLE: connecting 04:ee:03:6c:ef:49.
[I 191011 11:15:22 ddh_app:278] SYS: internet, using NTP.
[E 191011 11:15:23 ddh_app:298] BLE: exception Service 0000 not found.
[I 191011 11:15:23 ddh_app:278] BLE: disconnecting 04:ee:03:6c:ef:49.
[I 191011 11:15:23 ddh_app:370] BLE: all loggers done.
[I 191011 11:15:25 ddh_app:278] BLE: detecting loggers...
[I 191011 11:15:30 ddh_app:278] BLE: 04:ee:03:6c:ef:49 already queried, delay 22.96 s.
[I 191011 11:15:30 ddh_app:278] BLE: 0 loggers to query.
[I 191011 11:15:32 ddh_app:278] BLE: detecting loggers...
[D 191011 11:15:35 ddh_app:164] SYS: closing GUI APP...
[D 191011 11:15:55 ddh_app:77] SYS: recall 'remove_previous' at download, search '***'
[D 191011 11:15:55 ddh_app:78] SYS: recall re-RUN after download or not, search '###'
[D 191011 11:15:55 ddh_app:161] SYS: this is NOT a raspberry system
[I 191011 11:15:55 ddh_app:278] BLE: detecting loggers...
[I 191011 11:16:00 ddh_app:278] BLE: 1 loggers to query.
[I 191011 11:16:00 ddh_app:278] BLE: connecting 04:ee:03:6c:ef:49.
[E 191011 11:16:05 ddh_app:298] BLE: exception Service 0000 not found.
[I 191011 11:16:05 ddh_app:278] BLE: disconnecting 04:ee:03:6c:ef:49.
[I 191011 11:16:05 ddh_app:370] BLE: all loggers done.
[I 191011 11:16:07 ddh_app:278] BLE: detecting loggers...
[D 191011 11:16:11 ddh_app:164] SYS: closing GUI APP...
[D 191011 11:16:17 ddh_app:77] SYS: recall 'remove_previous' at download, search '***'
[D 191011 11:16:17 ddh_app:78] SYS: recall re-RUN after download or not, search '###'
[D 191011 11:16:17 ddh_app:161] SYS: this is NOT a raspberry system
[I 191011 11:16:17 ddh_app:278] BLE: detecting loggers...
[I 191011 11:16:22 ddh_app:278] BLE: 1 loggers to query.
[I 191011 11:16:22 ddh_app:278] BLE: connecting 04:ee:03:6c:ef:49.
[E 191011 11:16:30 ddh_app:298] BLE: exception Service 0000 not found.
[I 191011 11:16:30 ddh_app:278] BLE: disconnecting 04:ee:03:6c:ef:49.
[I 191011 11:16:30 ddh_app:370] BLE: all loggers done.
[I 191011 11:16:32 ddh_app:278] BLE: detecting loggers...
[D 191011 11:16:35 ddh_app:164] SYS: closing GUI APP...
[D 191011 11:30:04 ddh_app:77] SYS: recall 'remove_previous' at download, search '***'
[D 191011 11:30:04 ddh_app:78] SYS: recall re-RUN after download or not, search '###'
[D 191011 11:30:05 ddh_app:161] SYS: this is NOT a raspberry system
[I 191011 11:30:05 ddh_app:278] BLE: detecting loggers...
[I 191011 11:30:10 ddh_app:278] BLE: 1 loggers to query.
[I 191011 11:30:10 ddh_app:278] BLE: connecting 04:ee:03:6c:ef:49.
[I 191011 11:30:10 ddh_app:278] BLE: disconnecting 04:ee:03:6c:ef:49.
[D 191011 11:30:45 ddh_app:77] SYS: recall 'remove_previous' at download, search '***'
[D 191011 11:30:45 ddh_app:78] SYS: recall re-RUN after download or not, search '###'
[D 191011 11:30:45 ddh_app:161] SYS: this is NOT a raspberry system
[I 191011 11:30:45 ddh_app:278] BLE: detecting loggers...
[I 191011 11:30:50 ddh_app:278] BLE: 1 loggers to query.
[I 191011 11:30:50 ddh_app:278] BLE: connecting 04:ee:03:6c:ef:49.
[I 191011 11:30:56 ddh_app:278] BLE: disconnecting 04:ee:03:6c:ef:49.
[D 191011 11:31:31 ddh_app:77] SYS: recall 'remove_previous' at download, search '***'
[D 191011 11:31:31 ddh_app:78] SYS: recall re-RUN after download or not, search '###'
[D 191011 11:31:31 ddh_app:161] SYS: this is NOT a raspberry system
[I 191011 11:31:31 ddh_app:278] BLE: detecting loggers...
[I 191011 11:31:36 ddh_app:278] BLE: 0 loggers to query.
[I 191011 11:31:38 ddh_app:278] BLE: detecting loggers...
[I 191011 11:31:43 ddh_app:278] BLE: 1 loggers to query.
[I 191011 11:31:43 ddh_app:278] BLE: connecting 04:ee:03:6c:ef:49.
[I 191011 11:31:50 ddh_app:278] BLE: get status = None.
[E 191011 11:31:50 ddh_app:298] BLE: exception None.
[I 191011 11:31:50 ddh_app:278] BLE: disconnecting 04:ee:03:6c:ef:49.
[I 191011 11:31:50 ddh_app:370] BLE: all loggers done.
[I 191011 11:31:52 ddh_app:278] BLE: detecting loggers...
[I 191011 11:31:57 ddh_app:278] BLE: 04:ee:03:6c:ef:49 already queried, delay 22.86 s.
[I 191011 11:31:57 ddh_app:278] BLE: 0 loggers to query.
[I 191011 11:31:59 ddh_app:278] BLE: detecting loggers...
[I 191011 11:32:00 ddh_app:278] SYS: internet, using NTP.
[I 191011 11:32:04 ddh_app:278] BLE: 04:ee:03:6c:ef:49 already queried, delay 15.83 s.
[I 191011 11:32:04 ddh_app:278] BLE: 0 loggers to query.
[I 191011 11:32:06 ddh_app:278] BLE: detecting loggers...
[D 191011 11:32:08 ddh_app:164] SYS: closing GUI APP...
[D 191011 11:32:11 ddh_app:77] SYS: recall 'remove_previous' at download, search '***'
[D 191011 11:32:11 ddh_app:78] SYS: recall re-RUN after download or not, search '###'
[D 191011 11:32:11 ddh_app:161] SYS: this is NOT a raspberry system
[I 191011 11:32:11 ddh_app:278] BLE: detecting loggers...
[I 191011 11:32:16 ddh_app:278] BLE: 1 loggers to query.
[I 191011 11:32:16 ddh_app:278] BLE: connecting 04:ee:03:6c:ef:49.
[I 191011 11:32:24 ddh_app:278] BLE: get status = None.
[E 191011 11:32:24 ddh_app:298] BLE: exception None.
[I 191011 11:32:24 ddh_app:278] BLE: disconnecting 04:ee:03:6c:ef:49.
[I 191011 11:32:24 ddh_app:370] BLE: all loggers done.
[I 191011 11:32:26 ddh_app:278] BLE: detecting loggers...
[D 191011 11:32:30 ddh_app:164] SYS: closing GUI APP...
[D 191011 11:33:15 ddh_app:77] SYS: recall 'remove_previous' at download, search '***'
[D 191011 11:33:15 ddh_app:78] SYS: recall re-RUN after download or not, search '###'
[D 191011 11:33:15 ddh_app:161] SYS: this is NOT a raspberry system
[I 191011 11:33:16 ddh_app:278] BLE: detecting loggers...
[I 191011 11:33:21 ddh_app:278] BLE: 1 loggers to query.
[I 191011 11:33:21 ddh_app:278] BLE: connecting 04:ee:03:6c:ef:49.
[I 191011 11:33:28 ddh_app:278] BLE: get status = None.
[E 191011 11:33:28 ddh_app:298] BLE: exception None.
[I 191011 11:33:28 ddh_app:278] BLE: disconnecting 04:ee:03:6c:ef:49.
[I 191011 11:33:28 ddh_app:370] BLE: all loggers done.
[I 191011 11:33:30 ddh_app:278] BLE: detecting loggers...
[I 191011 11:33:35 ddh_app:278] BLE: 04:ee:03:6c:ef:49 already queried, delay 22.84 s.
[I 191011 11:33:35 ddh_app:278] BLE: 0 loggers to query.
[I 191011 11:33:37 ddh_app:278] BLE: detecting loggers...
[I 191011 11:33:42 ddh_app:278] BLE: 04:ee:03:6c:ef:49 already queried, delay 15.80 s.
[I 191011 11:33:42 ddh_app:278] BLE: 0 loggers to query.
[I 191011 11:33:44 ddh_app:278] BLE: detecting loggers...
[I 191011 11:33:45 ddh_app:278] SYS: internet, using NTP.
[D 191011 11:33:47 ddh_app:164] SYS: closing GUI APP...
[D 191011 11:33:50 ddh_app:77] SYS: recall 'remove_previous' at download, search '***'
[D 191011 11:33:50 ddh_app:78] SYS: recall re-RUN after download or not, search '###'
[D 191011 11:33:50 ddh_app:161] SYS: this is NOT a raspberry system
[I 191011 11:33:50 ddh_app:278] BLE: detecting loggers...
[I 191011 11:33:55 ddh_app:278] BLE: 1 loggers to query.
[I 191011 11:33:55 ddh_app:278] BLE: connecting 04:ee:03:6c:ef:49.
[I 191011 11:34:04 ddh_app:278] BLE: get status = None.
[E 191011 11:34:04 ddh_app:298] BLE: exception None.
[I 191011 11:34:04 ddh_app:278] BLE: disconnecting 04:ee:03:6c:ef:49.
[I 191011 11:34:04 ddh_app:370] BLE: all loggers done.
[I 191011 11:34:06 ddh_app:278] BLE: detecting loggers...
[I 191011 11:34:11 ddh_app:278] BLE: 04:ee:03:6c:ef:49 already queried, delay 22.87 s.
[I 191011 11:34:11 ddh_app:278] BLE: 0 loggers to query.
[I 191011 11:34:13 ddh_app:278] BLE: detecting loggers...
[D 191011 11:34:18 ddh_app:164] SYS: closing GUI APP...
[I 191011 11:34:18 ddh_app:278] BLE: 04:ee:03:6c:ef:49 already queried, delay 15.83 s.
[I 191011 11:34:18 ddh_app:278] BLE: 0 loggers to query.
[D 191011 11:34:20 ddh_app:77] SYS: recall 'remove_previous' at download, search '***'
[D 191011 11:34:20 ddh_app:78] SYS: recall re-RUN after download or not, search '###'
[D 191011 11:34:20 ddh_app:161] SYS: this is NOT a raspberry system
[I 191011 11:34:20 ddh_app:278] BLE: detecting loggers...
[I 191011 11:34:25 ddh_app:278] BLE: 1 loggers to query.
[I 191011 11:34:25 ddh_app:278] BLE: connecting 04:ee:03:6c:ef:49.
[I 191011 11:34:34 ddh_app:278] BLE: get status = None.
[E 191011 11:34:34 ddh_app:298] BLE: exception None.
[I 191011 11:34:34 ddh_app:278] BLE: disconnecting 04:ee:03:6c:ef:49.
[I 191011 11:34:34 ddh_app:370] BLE: all loggers done.
[I 191011 11:34:36 ddh_app:278] BLE: detecting loggers...
[I 191011 11:34:41 ddh_app:278] BLE: 04:ee:03:6c:ef:49 already queried, delay 22.86 s.
[I 191011 11:34:41 ddh_app:278] BLE: 0 loggers to query.
[I 191011 11:34:43 ddh_app:278] BLE: detecting loggers...
[I 191011 11:34:48 ddh_app:278] BLE: 04:ee:03:6c:ef:49 already queried, delay 15.83 s.
[I 191011 11:34:48 ddh_app:278] BLE: 0 loggers to query.
[I 191011 11:34:49 ddh_app:278] SYS: internet, using NTP.
[D 191011 11:34:50 ddh_app:164] SYS: closing GUI APP...
[D 191015 09:37:41 ddh_app:77] SYS: recall 'remove_previous' at download, search '***'
[D 191015 09:37:41 ddh_app:78] SYS: recall re-RUN after download or not, search '###'
[D 191015 09:37:41 ddh_app:161] SYS: this is NOT a raspberry system
[I 191015 09:37:41 ddh_app:278] BLE: detecting loggers...
[I 191015 09:37:46 ddh_app:278] BLE: 1 loggers to query.
[I 191015 09:37:46 ddh_app:278] BLE: connecting 04:ee:03:6c:ef:49.
[I 191015 09:37:46 ddh_app:278] BLE: disconnecting 04:ee:03:6c:ef:49.
[D 191015 09:38:32 ddh_app:77] SYS: recall 'remove_previous' at download, search '***'
[D 191015 09:38:32 ddh_app:78] SYS: recall re-RUN after download or not, search '###'
[D 191015 09:38:32 ddh_app:161] SYS: this is NOT a raspberry system
[I 191015 09:38:32 ddh_app:278] BLE: detecting loggers...
[D 191015 09:38:34 ddh_app:223] GUI: keypress 1.
[I 191015 09:38:34 ddh_app:286] PLT: converting...
[I 191015 09:38:34 ddh_app:278] PLT: converting ['dl_files/ff-ff-ff-ff-ff-ff', None]...
[I 191015 09:38:35 ddh_app:286] PLT: plotting...
[I 191015 09:38:35 ddh_app:278] PLT: plotting ff-ff-ff vs None
[I 191015 09:38:35 ddh_app:278] PLT: plot w/ resolution 1 ok.
[D 191015 09:38:35 ddh_app:416] SYS: elapsed time 314 ms.
[I 191015 09:38:37 ddh_app:278] BLE: 0 loggers to query.
[I 191015 09:38:39 ddh_app:278] BLE: detecting loggers...
[D 191015 09:38:40 ddh_app:228] GUI: keypress 2.
[I 191015 09:38:40 ddh_app:286] PLT: converting...
[I 191015 09:38:40 ddh_app:278] PLT: converting ['dl_files/ff-ff-ff-ff-ff-ff', 'dl_files/11-22-33-44-55-66']...
[D 191015 09:38:40 ddh_app:282] PLT: hit ff-ff-ff.
[I 191015 09:38:40 ddh_app:286] PLT: plotting...
[I 191015 09:38:40 ddh_app:278] PLT: plotting ff-ff-ff vs 44-55-66
[I 191015 09:38:40 ddh_app:278] PLT: plot w/ resolution 1 ok.
[D 191015 09:38:40 ddh_app:416] SYS: elapsed time 352 ms.
[D 191015 09:38:41 ddh_app:236] GUI: keypress 3.
[I 191015 09:38:41 ddh_app:286] PLT: converting...
[I 191015 09:38:41 ddh_app:278] PLT: converting ['dl_files/ff-ff-ff-ff-ff-ff', 'dl_files/11-22-33-44-55-66']...
[D 191015 09:38:41 ddh_app:282] PLT: hit ff-ff-ff.
[D 191015 09:38:41 ddh_app:282] PLT: hit 44-55-66.
[I 191015 09:38:41 ddh_app:286] PLT: plotting...
[I 191015 09:38:42 ddh_app:278] PLT: plotting ff-ff-ff vs 44-55-66
[I 191015 09:38:42 ddh_app:278] PLT: plot w/ resolution 8 ok.
[D 191015 09:38:42 ddh_app:416] SYS: elapsed time 377 ms.
[I 191015 09:38:44 ddh_app:278] BLE: 0 loggers to query.
[I 191015 09:38:46 ddh_app:278] BLE: detecting loggers...
[D 191015 09:38:51 ddh_app:164] SYS: closing GUI APP...
[I 191015 09:38:52 ddh_app:278] BLE: 0 loggers to query.
[D 191015 09:40:26 ddh_app:77] SYS: recall 'remove_previous' at download, search '***'
[D 191015 09:40:26 ddh_app:78] SYS: recall re-RUN after download or not, search '###'
[D 191015 09:40:26 ddh_app:161] SYS: this is NOT a raspberry system
[I 191015 09:40:26 ddh_app:278] BLE: detecting loggers...
[D 191015 09:40:28 ddh_app:223] GUI: keypress 1.
[I 191015 09:40:28 ddh_app:286] PLT: converting...
[I 191015 09:40:28 ddh_app:278] PLT: converting ['dl_files/ff-ff-ff-ff-ff-ff', None]...
[I 191015 09:40:28 ddh_app:286] PLT: plotting...
[I 191015 09:40:28 ddh_app:278] PLT: plotting ff-ff-ff vs None
[I 191015 09:40:28 ddh_app:278] PLT: plot w/ resolution 1 ok.
[D 191015 09:40:29 ddh_app:416] SYS: elapsed time 349 ms.
[I 191015 09:40:31 ddh_app:278] BLE: 0 loggers to query.
[I 191015 09:40:33 ddh_app:278] BLE: detecting loggers...
[D 191015 09:40:35 ddh_app:164] SYS: closing GUI APP...
